<?xml version="1.0" encoding="UTF-8"?>
<!-- Generated by org.testng.reporters.JUnitReportReporter -->
<testsuite hostname="Madhurs-MacBook-Air.local" failures="0" tests="1" name="com.tests.LoginPageTest" time="54.155" errors="0" timestamp="23 Feb 2020 14:49:43 GMT" skipped="0">
  <testcase classname="com.tests.LoginPageTest" name="loginTest" time="54.155"/>
</testsuite> <!-- com.tests.LoginPageTest -->
